GROUP,PACKAGE,CLASS,INSTRUCTION_MISSED,INSTRUCTION_COVERED,BRANCH_MISSED,BRANCH_COVERED,LINE_MISSED,LINE_COVERED,COMPLEXITY_MISSED,COMPLEXITY_COVERED,METHOD_MISSED,METHOD_COVERED
shop,ru.korchinskiy.controller,AdminOrderController,69,11,0,0,15,5,3,3,3,3
shop,ru.korchinskiy.controller,OrderController,78,15,2,0,16,7,2,4,1,4
shop,ru.korchinskiy.controller,CartController,65,11,0,0,13,5,4,3,4,3
shop,ru.korchinskiy.controller,ProfileController,108,11,4,0,20,4,7,3,5,3
shop,ru.korchinskiy.controller,AdminProductController,257,15,12,0,58,6,17,4,11,4
shop,ru.korchinskiy.controller,ProductController,12,7,0,0,3,3,1,2,1,2
shop,ru.korchinskiy.controller,AdminCategoryController,161,7,0,0,32,3,5,2,5,2
shop,ru.korchinskiy.controller,IndexController,49,15,2,0,13,6,5,4,4,4
shop,ru.korchinskiy.controller,AdminStatsController,83,7,0,0,14,3,4,2,4,2
shop,ru.korchinskiy.controller,CatalogController,86,11,0,0,18,5,2,3,2,3
shop,ru.korchinskiy.controller,ProductRestController,8,6,0,0,2,3,1,1,1,1
shop,ru.korchinskiy.validation,PhoneNumberValidator,5,3,0,0,2,1,2,1,2,1
shop,ru.korchinskiy.validation,FileValidator,8,3,2,0,2,1,3,1,2,1
shop,ru.korchinskiy.validation,PasswordMatchesValidator,10,3,0,0,3,1,2,1,2,1
shop,ru.korchinskiy.dao.impl,OrderHistoryDAOImpl,36,3,0,0,7,1,2,1,2,1
shop,ru.korchinskiy.dao.impl,UserDAOImpl,59,3,2,0,13,1,5,1,4,1
shop,ru.korchinskiy.dao.impl,CartDAOImpl,44,3,0,0,8,1,3,1,3,1
shop,ru.korchinskiy.dao.impl,CategoryDAOImpl,107,3,2,0,22,1,7,1,6,1
shop,ru.korchinskiy.dao.impl,CartProductDAOImpl,119,3,2,0,22,1,7,1,6,1
shop,ru.korchinskiy.dao.impl,OrderDAOImpl,65,3,0,0,13,1,4,1,4,1
shop,ru.korchinskiy.dao.impl,ProductDAOImpl,237,3,2,0,41,1,10,1,9,1
shop,ru.korchinskiy.dao.impl,RoleDAOImpl,7,3,0,0,1,1,1,1,1,1
shop,ru.korchinskiy.dao.impl,ProductStatsDAOImpl,144,3,4,0,20,1,5,1,3,1
shop,ru.korchinskiy.dao.impl,AddressDAOImpl,99,3,2,0,19,1,6,1,5,1
shop,ru.korchinskiy.dao.impl,UserStatsDAOImpl,196,3,4,0,28,1,6,1,4,1
shop,ru.korchinskiy.dao.impl,OrderProductDAOImpl,36,3,0,0,7,1,2,1,2,1
shop,ru.korchinskiy.dto,DescriptionDto,83,0,14,0,2,0,14,0,7,0
shop,ru.korchinskiy.dto,CategoryWithProductsDto,212,0,38,0,5,0,32,0,13,0
shop,ru.korchinskiy.dto,AddressDto,169,0,30,0,4,0,26,0,11,0
shop,ru.korchinskiy.dto,CategoryListDto,83,0,14,0,2,0,14,0,7,0
shop,ru.korchinskiy.dto,TitleDto,83,0,14,0,2,0,14,0,7,0
shop,ru.korchinskiy.dto,AuthorDto,83,0,14,0,2,0,14,0,7,0
shop,ru.korchinskiy.dto,IndicatorDto,126,0,22,0,3,0,20,0,9,0
shop,ru.korchinskiy.dto,UserStatsDto,255,0,46,0,6,0,38,0,15,0
shop,ru.korchinskiy.dto,OrderProductDto,255,0,46,0,6,0,38,0,15,0
shop,ru.korchinskiy.dto,OrderHistoryDto,384,0,70,0,9,0,56,0,21,0
shop,ru.korchinskiy.dto,ProductDto,467,33,86,0,11,12,67,2,24,2
shop,ru.korchinskiy.dto,CartDto,159,29,30,0,2,7,23,4,8,4
shop,ru.korchinskiy.dto,CategoryDto,169,0,30,0,4,0,26,0,11,0
shop,ru.korchinskiy.dto,RoleDto,126,0,22,0,3,0,20,0,9,0
shop,ru.korchinskiy.dto,ProductWithCategoriesDto,513,0,94,0,12,0,74,0,27,0
shop,ru.korchinskiy.dto,CartProductDto,192,35,38,0,1,11,26,7,7,7
shop,ru.korchinskiy.dto,UserDto,513,0,94,0,12,0,74,0,27,0
shop,ru.korchinskiy.dto,NewOrderDto,243,30,46,0,3,11,34,5,11,5
shop,ru.korchinskiy.dto,ProductStatsDto,255,0,46,0,6,0,38,0,15,0
shop,ru.korchinskiy.dto,NewProductDto,475,0,86,0,12,0,68,0,25,0
shop,ru.korchinskiy.dto,CategoryTreeDto,190,37,37,1,2,10,26,7,7,7
shop,ru.korchinskiy.dto,OrderDto,427,0,78,0,10,0,62,0,23,0
shop,ru.korchinskiy.dto,MailDto,135,0,22,0,8,0,21,0,10,0
shop,ru.korchinskiy.dto,YearDto,83,0,14,0,2,0,14,0,7,0
shop,ru.korchinskiy.service,UtilsService,0,30,0,4,0,7,0,4,0,2
shop,ru.korchinskiy.config,SecurityInitializer,0,3,0,0,0,1,0,1,0,1
shop,ru.korchinskiy.config,PersistenceJpaConfig,0,73,0,0,0,20,0,5,0,5
shop,ru.korchinskiy.config,MessageConfig,0,40,0,0,0,11,0,3,0,3
shop,ru.korchinskiy.config,WebConfig,0,76,0,0,0,20,0,8,0,8
shop,ru.korchinskiy.config,SecurityConfig,0,72,0,0,0,27,0,6,0,6
shop,ru.korchinskiy.config,WebApplicationInitializer,37,3,0,0,7,1,4,1,4,1
shop,ru.korchinskiy.entity,Address,175,3,30,0,8,2,26,1,11,1
shop,ru.korchinskiy.entity,ProductCategory,166,3,30,0,3,1,25,1,10,1
shop,ru.korchinskiy.entity,OrderProduct,145,125,33,13,0,13,26,13,3,13
shop,ru.korchinskiy.entity,Category,206,3,38,0,5,1,31,1,12,1
shop,ru.korchinskiy.entity,ProductStats,252,3,46,0,5,1,37,1,14,1
shop,ru.korchinskiy.entity,Role,125,12,22,0,4,5,19,2,8,2
shop,ru.korchinskiy.entity,UserStats,252,3,46,0,5,1,37,1,14,1
shop,ru.korchinskiy.entity,OrderHistory,241,213,57,21,0,21,42,21,3,21
shop,ru.korchinskiy.entity,Order,239,215,56,22,0,21,41,22,3,21
shop,ru.korchinskiy.entity,CartProduct,104,3,14,0,13,1,18,1,11,1
shop,ru.korchinskiy.entity,User,419,38,77,1,10,13,60,3,21,3
shop,ru.korchinskiy.entity,Cart,166,3,30,0,4,1,25,1,10,1
shop,ru.korchinskiy.entity,Product,465,42,93,1,11,13,70,5,23,5
shop,ru.korchinskiy.handler,CustomLogoutSuccessHandler,48,3,4,0,9,1,3,1,1,1
shop,ru.korchinskiy.handler,CustomAuthenticationSuccessHandler,45,11,2,0,9,5,2,3,1,3
shop,ru.korchinskiy.handler,ControllerExceptionHandler,12,7,0,0,4,2,2,2,2,2
shop,ru.korchinskiy.message,Message,184,0,30,0,9,0,26,0,11,0
shop,ru.korchinskiy.enums,AddressType,0,24,0,0,0,3,0,1,0,1
shop,ru.korchinskiy.enums,OrderStatus,0,44,0,0,0,5,0,1,0,1
shop,ru.korchinskiy.enums,DeliveryType,0,24,0,0,0,3,0,1,0,1
shop,ru.korchinskiy.enums,PaymentStatus,0,24,0,0,0,3,0,1,0,1
shop,ru.korchinskiy.enums,Month,147,0,0,0,17,0,3,0,3,0
shop,ru.korchinskiy.enums,PaymentType,0,24,0,0,0,3,0,1,0,1
shop,ru.korchinskiy.service.impl,AdminOrderServiceImpl,18,15,2,0,5,6,2,4,1,4
shop,ru.korchinskiy.service.impl,ProductServiceImpl,400,23,12,0,97,10,19,6,13,6
shop,ru.korchinskiy.service.impl,CategoryServiceImpl,211,92,15,11,49,18,17,11,9,6
shop,ru.korchinskiy.service.impl,AddressServiceImpl,21,15,0,0,4,7,2,4,2,4
shop,ru.korchinskiy.service.impl,UserServiceImpl,311,38,16,0,75,17,15,9,7,9
shop,ru.korchinskiy.service.impl,DTOMappingServiceImpl,815,3,22,0,199,1,41,1,30,1
shop,ru.korchinskiy.service.impl,MailServiceImpl,59,7,4,0,10,2,3,2,1,2
shop,ru.korchinskiy.service.impl,OrderServiceImpl,437,170,21,5,87,51,21,18,10,16
shop,ru.korchinskiy.service.impl,ImageServiceImpl,31,7,0,0,5,2,1,2,1,2
shop,ru.korchinskiy.service.impl,StatsServiceImpl,115,15,6,0,25,7,6,4,3,4
shop,ru.korchinskiy.service.impl,CartServiceImpl,521,27,28,0,117,12,24,7,10,7
shop,ru.korchinskiy.service.impl,UserDetailsServiceImpl,42,7,4,0,8,3,3,2,1,2
shop,ru.korchinskiy.jms,MessageSender,10,3,0,0,2,1,2,1,2,1
